Arguments: 
  C:\Program Files\nodejs\node.exe D:\MyTool\Yarn\bin\yarn.js

PATH: 
  C:\Ruby22-x64\bin;C:\Program Files (x86)\Intel\iCLS Client\;C:\Program Files\Intel\iCLS Client\;C:\Windows\system32;C:\Windows;C:\Windows\System32\Wbem;C:\Windows\System32\WindowsPowerShell\v1.0\;C:\Program Files\Lenovo\Fingerprint Manager Pro\;C:\Program Files\Intel\Intel(R) Management Engine Components\DAL;C:\Program Files (x86)\Intel\Intel(R) Management Engine Components\DAL;C:\Program Files\Intel\Intel(R) Management Engine Components\IPT;C:\Program Files (x86)\Intel\Intel(R) Management Engine Components\IPT;C:\Java\jdk1.8.0_31\\bin;C:\Java\jdk1.8.0_31\\jre\bin;C:\Program Files\TortoiseSVN\bin;D:\Program Files\cmder;C:\Program Files (x86)\AOMEI Backupper 2.1;C:\Program Files\Intel\WiFi\bin\;C:\Program Files\Common Files\Intel\WirelessCommon\;C:\Program Files\MIT\Kerberos\bin;D:\apache-maven-3.3.9\bin;C:\Program Files\TortoiseSVN\bin;D:\MyTool\python\python-3.6.1-embed-amd64;D:\MyTool\nvm;C:\Program Files\nodejs;D:\MyTool\nvmw;D:\MyTool\Yarn\bin;C:\Git\cmd;D:\MyTool\nginx-1.12.2;D:\MyApp\OpenSSL-Win64\bin;C:\Program Files\Intel\WiFi\bin\;C:\Program Files\Common Files\Intel\WirelessCommon\;C:\Program Files (x86)\Microsoft VS Code\bin;C:\Program Files (x86)\Google\Chrome\Application;D:\MyTool\nvm;C:\Program Files\nodejs;C:\Users\58\AppData\Local\Yarn\bin;C:\Program Files\Docker Toolbox

Yarn version: 
  1.1.0

Node version: 
  6.4.0

Platform: 
  win32 x64

npm manifest: 
  {
    "name": "wepy-demo",
    "version": "0.0.1",
    "description": "A WePY project",
    "main": "dist/app.js",
    "scripts": {
      "dev": "wepy build --watch",
      "build": "cross-env NODE_ENV=production wepy build --no-cache",
      "dev:web": "wepy build --output web",
      "clean": "find ./dist -maxdepth 1 -not -name 'project.config.json' -not -name 'dist' | xargs rm -rf",
      "test": "echo \"Error: no test specified\" && exit 1"
    },
    "wepy": {
      "module-a": false,
      "./src/components/list": "./src/components/wepy-list.wpy"
    },
    "author": "yaogang <yaogang@58ganji.com>",
    "license": "MIT",
    "dependencies": {
      "redux": "^3.7.2",
      "redux-actions": "^2.2.1",
      "redux-promise": "^0.5.3",
      "wepy-redux": "^1.5.3",
      "wepy": "^1.6.0",
      "wepy-async-function": "^1.4.4",
      "wepy-com-toast": "^1.0.2"
    },
    "devDependencies": {
      "babel-eslint": "^7.2.1",
      "babel-plugin-transform-class-properties": "^6.24.1",
      "babel-plugin-transform-decorators-legacy": "^1.3.4",
      "babel-plugin-transform-export-extensions": "^6.22.0",
      "babel-plugin-transform-object-rest-spread": "^6.26.0",
      "babel-preset-env": "^1.6.1",
      "cross-env": "^5.1.3",
      "eslint": "^3.18.0",
      "eslint-config-standard": "^7.1.0",
      "eslint-friendly-formatter": "^2.0.7",
      "eslint-plugin-html": "^2.0.1",
      "eslint-plugin-promise": "^3.5.0",
      "eslint-plugin-standard": "^2.0.1",
      "wepy-eslint": "^1.5.3",
      "wepy-compiler-babel": "^1.5.1",
      "wepy-compiler-less": "^1.3.10"
    }
  }

yarn manifest: 
  No manifest

Lockfile: 
  No lockfile

Trace: 
  Error: connect ETIMEDOUT 47.74.196.77:443
      at Object.exports._errnoException (util.js:1026:11)
      at exports._exceptionWithHostPort (util.js:1049:20)
      at TCPConnectWrap.afterConnect [as oncomplete] (net.js:1081:14)
